<?xml version="1.0" encoding="UTF-8"?>
<testsuite name="com.example.demo.SbbApplicationTests" tests="1" skipped="0" failures="0" errors="0" timestamp="2023-06-11T18:17:58" hostname="APEACH" time="0.486">
  <properties/>
  <testcase name="testJpa()" classname="com.example.demo.SbbApplicationTests" time="0.486"/>
  <system-out><![CDATA[03:17:55.218 [Test worker] INFO org.springframework.test.context.support.AnnotationConfigContextLoaderUtils -- Could not detect default configuration classes for test class [com.example.demo.SbbApplicationTests]: SbbApplicationTests does not declare any static, non-private, non-final, nested classes annotated with @Configuration.
03:17:55.275 [Test worker] INFO org.springframework.boot.test.context.SpringBootTestContextBootstrapper -- Found @SpringBootConfiguration com.example.demo.DemoApplication for test class com.example.demo.SbbApplicationTests

  .   ____          _            __ _ _
 /\\ / ___'_ __ _ _(_)_ __  __ _ \ \ \ \
( ( )\___ | '_ | '_| | '_ \/ _` | \ \ \ \
 \\/  ___)| |_)| | | | | || (_| |  ) ) ) )
  '  |____| .__|_| |_|_| |_\__, | / / / /
 =========|_|==============|___/=/_/_/_/
 :: Spring Boot ::       (v3.1.1-SNAPSHOT)

2023-06-12T03:17:55.524+09:00  INFO 11608 --- [    Test worker] com.example.demo.SbbApplicationTests     : Starting SbbApplicationTests using Java 17.0.7 with PID 11608 (started by apfhd in D:\[Window]\Documents\Spring\demo)
2023-06-12T03:17:55.525+09:00  INFO 11608 --- [    Test worker] com.example.demo.SbbApplicationTests     : No active profile set, falling back to 1 default profile: "default"
2023-06-12T03:17:56.041+09:00  INFO 11608 --- [    Test worker] .s.d.r.c.RepositoryConfigurationDelegate : Bootstrapping Spring Data JPA repositories in DEFAULT mode.
2023-06-12T03:17:56.073+09:00  INFO 11608 --- [    Test worker] .s.d.r.c.RepositoryConfigurationDelegate : Finished Spring Data repository scanning in 27 ms. Found 2 JPA repository interfaces.
2023-06-12T03:17:56.373+09:00  INFO 11608 --- [    Test worker] o.hibernate.jpa.internal.util.LogHelper  : HHH000204: Processing PersistenceUnitInfo [name: default]
2023-06-12T03:17:56.427+09:00  INFO 11608 --- [    Test worker] org.hibernate.Version                    : HHH000412: Hibernate ORM core version 6.2.2.Final
2023-06-12T03:17:56.429+09:00  INFO 11608 --- [    Test worker] org.hibernate.cfg.Environment            : HHH000406: Using bytecode reflection optimizer
2023-06-12T03:17:56.533+09:00  INFO 11608 --- [    Test worker] o.h.b.i.BytecodeProviderInitiator        : HHH000021: Bytecode provider name : bytebuddy
2023-06-12T03:17:56.613+09:00  INFO 11608 --- [    Test worker] o.s.o.j.p.SpringPersistenceUnitInfo      : No LoadTimeWeaver setup: ignoring JPA class transformer
2023-06-12T03:17:56.621+09:00  INFO 11608 --- [    Test worker] com.zaxxer.hikari.HikariDataSource       : HikariPool-1 - Starting...
2023-06-12T03:17:56.730+09:00  INFO 11608 --- [    Test worker] com.zaxxer.hikari.pool.HikariPool        : HikariPool-1 - Added connection conn0: url=jdbc:h2:~/local user=SA
2023-06-12T03:17:56.731+09:00  INFO 11608 --- [    Test worker] com.zaxxer.hikari.HikariDataSource       : HikariPool-1 - Start completed.
2023-06-12T03:17:56.743+09:00  INFO 11608 --- [    Test worker] org.hibernate.orm.dialect                : HHH035001: Using dialect: org.hibernate.dialect.H2Dialect, version: 2.1.214
2023-06-12T03:17:56.851+09:00  INFO 11608 --- [    Test worker] o.h.b.i.BytecodeProviderInitiator        : HHH000021: Bytecode provider name : bytebuddy
2023-06-12T03:17:57.207+09:00  INFO 11608 --- [    Test worker] o.h.e.t.j.p.i.JtaPlatformInitiator       : HHH000490: Using JtaPlatform implementation: [org.hibernate.engine.transaction.jta.platform.internal.NoJtaPlatform]
2023-06-12T03:17:57.237+09:00  INFO 11608 --- [    Test worker] j.LocalContainerEntityManagerFactoryBean : Initialized JPA EntityManagerFactory for persistence unit 'default'
2023-06-12T03:17:57.647+09:00  WARN 11608 --- [    Test worker] JpaBaseConfiguration$JpaWebConfiguration : spring.jpa.open-in-view is enabled by default. Therefore, database queries may be performed during view rendering. Explicitly configure spring.jpa.open-in-view to disable this warning
2023-06-12T03:17:57.949+09:00  INFO 11608 --- [    Test worker] o.s.b.a.h2.H2ConsoleAutoConfiguration    : H2 console available at '/h2-console'. Database available at 'jdbc:h2:~/local'
2023-06-12T03:17:57.988+09:00  INFO 11608 --- [    Test worker] com.example.demo.SbbApplicationTests     : Started SbbApplicationTests in 2.613 seconds (process running for 3.272)
]]></system-out>
  <system-err><![CDATA[]]></system-err>
</testsuite>
